<?xml version="1.0" encoding="UTF-8"?>
<testng-results ignored="0" total="1" passed="1" failed="0" skipped="0">
  <reporter-output>
  </reporter-output>
  <suite started-at="2023-09-26T16:23:19 WIB" name="Default suite" finished-at="2023-09-26T16:23:45 WIB" duration-ms="26103">
    <groups>
    </groups>
    <test started-at="2023-09-26T16:23:19 WIB" name="Default test" finished-at="2023-09-26T16:23:45 WIB" duration-ms="26103">
      <class name="Appium.automation.BaseTest">
        <test-method signature="ConfigureAppium()[pri:0, instance:Appium.automation.BaseTest@4686afc2]" started-at="2023-09-26T16:23:19 WIB" name="ConfigureAppium" finished-at="2023-09-26T16:23:45 WIB" duration-ms="26029" status="PASS">
          <reporter-output>
          </reporter-output>
        </test-method> <!-- ConfigureAppium -->
      </class> <!-- Appium.automation.BaseTest -->
    </test> <!-- Default test -->
  </suite> <!-- Default suite -->
</testng-results>
